1691968417772	geckodriver	INFO	Listening on 127.0.0.1:49224
1691968420838	mozrunner::runner	INFO	Running command: "C:\\Program Files\\Mozilla Firefox\\firefox.exe" "--marionette" "--remote-debugging-port" "49225" "--remote-allow-hosts" "localhost" "-no-remote" "-profile" "C:\\Users\\bagat\\AppData\\Local\\Temp\\rust_mozprofileJMyzCb"
console.warn: services.settings: Ignoring preference override of remote settings server
console.warn: services.settings: Allow by setting MOZ_REMOTE_SETTINGS_DEVTOOLS=1 in the environment
1691968421087	Marionette	INFO	Marionette enabled
Dynamically enable window occlusion 0
1691968421210	Marionette	INFO	Listening on port 49238
WebDriver BiDi listening on ws://127.0.0.1:49225
Read port: 49238
1691968421422	RemoteAgent	WARN	TLS certificate errors will be ignored for this session
DevTools listening on ws://127.0.0.1:49225/devtools/browser/b1c638b1-8216-48a3-98c9-320d7b29f6a2
console.warn: services.settings: Ignoring preference override of remote settings server
console.warn: services.settings: Allow by setting MOZ_REMOTE_SETTINGS_DEVTOOLS=1 in the environment
console.error: (new TypeError("lazy.AsyncShutdown.profileBeforeChange is undefined", "resource://services-settings/Database.sys.mjs", 597))
[Parent 7752, IPC I/O Parent] WARNING: DuplicateHandle failed for handle 0 in TransferHandles: file /builds/worker/checkouts/gecko/ipc/chromium/src/chrome/common/ipc_channel_win.cc:621
[GPU 12444, IPC I/O Child] WARNING: pipe error: 232: file /builds/worker/checkouts/gecko/ipc/chromium/src/chrome/common/ipc_channel_win.cc:443
JavaScript warning: https://www.gstatic.com/_/mss/boq-one-google/_/js/k=boq-one-google.OneGoogleWidgetUi.pt_BR.dYbwha6hl5U.es5.O/am=AADMbw/d=1/excm=_b,_r,_tp,appwidgetnoauthview/ed=1/dg=0/wt=2/ujg=1/rs=AM-SdHvBctDueEmLBUPLS1AOE4eAzpZdrQ/m=_b,_tp,_r, line 62: Script terminated by timeout at:
_.uc@https://www.gstatic.com/_/mss/boq-one-google/_/js/k=boq-one-google.OneGoogleWidgetUi.pt_BR.dYbwha6hl5U.es5.O/am=AADMbw/d=1/excm=_b,_r,_tp,appwidgetnoauthview/ed=1/dg=0/wt=2/ujg=1/rs=AM-SdHvBctDueEmLBUPLS1AOE4eAzpZdrQ/m=_b,_tp,_r:62:210
_.pd@https://www.gstatic.com/_/mss/boq-one-google/_/js/k=boq-one-google.OneGoogleWidgetUi.pt_BR.dYbwha6hl5U.es5.O/am=AADMbw/d=1/excm=_b,_r,_tp,appwidgetnoauthview/ed=1/dg=0/wt=2/ujg=1/rs=AM-SdHvBctDueEmLBUPLS1AOE4eAzpZdrQ/m=_b,_tp,_r:201:682
_.Jj@https://www.gstatic.com/_/mss/boq-one-google/_/js/k=boq-one-google.OneGoogleWidgetUi.pt_BR.dYbwha6hl5U.es5.O/am=AADMbw/d=1/excm=_b,_r,_tp,appwidgetnoauthview/ed=1/dg=0/wt=2/ujg=1/rs=AM-SdHvBctDueEmLBUPLS1AOE4eAzpZdrQ/m=_b,_tp,_r:204:479
WD@https://www.gstatic.com/_/mss/boq-one-google/_/js/k=boq-one-google.OneGoogleWidgetUi.pt_BR.dYbwha6hl5U.es5.O/ck=boq-one-google.OneGoogleWidgetUi.KO4sXYQcwmM.L.F4.O/am=AADMbw/d=1/exm=_b,_r,_tp/excm=_b,_r,_tp,appwidgetnoauthview/ed=1/wt=2/ujg=1/rs=AM-SdHumOj1w8n7oECsOKoGHmcw6t8p4RQ/ee=EVNhjf:pw70Gc;EmZ2Bf:zr1jrb;Erl4fe:FloWmf;JsbNhc:Xd8iUd;LBgRLc:SdcwHb;Me32dd:MEeYgc;NPKaK:SdcwHb;NSEoX:lazG7b;Oj465e:KG2eXe;Pjplud:EEDORb;QGR0gd:Mlhmy;SNUn3:ZwDk9d;a56pNe:JEfCwb;cEt90b:ws9Tlc;dIoSBb:SpsfSb;eBAeSb:zbML3c;iFQyKf:QIhFr;io8t5d:yDVVkb;kMFpHd:OTA3Ae;nAFL3:s39S4;oGtAuc:sOXFj;pXdRYb:MdUzUe;qddgKe:xQtZb;sP4Vbe:VwDzFe;uY49fb:COQbmf;ul9GGd:VDovNc;wR5FRb:O1Gjze;xqZiqf:wmnU7d;yxTchf:KUM7Z;zxnPse:GkRiKb/m=ws9Tlc,n73qwf,GkRiKb,e5qFLc,IZT63,UUJqVe,O1Gjze,byfTOb,lsjVmc,xUdipf,OTA3Ae,COQbmf,fKUV3e,aurFic,U0aPgd,ZwDk9d,V3dDOb,mI3LFb,O6y8ed,PrPYRd,MpJwZc,LEikZe,NwH0H,OmgaI,lazG7b,XVMNvd,L1AAkb,KUM7Z,Mlhmy,s39S4,lwddkf,gychg,w9hDv,EEDORb,RMhBfe,SdcwHb,aW3pY,pw70Gc,EFQ78c,Ulmmrd,ZfAoz,mdR7q,wmnU7d,xQtZb,JNoxi,kWgXee,MI6k7c,kjKdXe,BVgquf,QIhFr,ovKuLd,hKSk3e,yDVVkb,hc6Ubd,SpsfSb,KG2eXe,Z5uLle,MdUzUe,VwDzFe,zbML3c,A7fCU,zr1jrb,lsPsHb,aDfbSd,Uas9Hd,pjICDe:312:297
YD@https://www.gstatic.com/_/mss/boq-one-google/_/js/k=boq-one-google.OneGoogleWidgetUi.pt_BR.dYbwha6hl5U.es5.O/ck=boq-one-google.OneGoogleWidgetUi.KO4sXYQcwmM.L.F4.O/am=AADMbw/d=1/exm=_b,_r,_tp/excm=_b,_r,_tp,appwidgetnoauthview/ed=1/wt=2/ujg=1/rs=AM-SdHumOj1w8n7oECsOKoGHmcw6t8p4RQ/ee=EVNhjf:pw70Gc;EmZ2Bf:zr1jrb;Erl4fe:FloWmf;JsbNhc:Xd8iUd;LBgRLc:SdcwHb;Me32dd:MEeYgc;NPKaK:SdcwHb;NSEoX:lazG7b;Oj465e:KG2eXe;Pjplud:EEDORb;QGR0gd:Mlhmy;SNUn3:ZwDk9d;a56pNe:JEfCwb;cEt90b:ws9Tlc;dIoSBb:SpsfSb;eBAeSb:zbML3c;iFQyKf:QIhFr;io8t5d:yDVVkb;kMFpHd:OTA3Ae;nAFL3:s39S4;oGtAuc:sOXFj;pXdRYb:MdUzUe;qddgKe:xQtZb;sP4Vbe:VwDzFe;uY49fb:COQbmf;ul9GGd:VDovNc;wR5FRb:O1Gjze;xqZiqf:wmnU7d;yxTchf:KUM7Z;zxnPse:GkRiKb/m=ws9Tlc,n73qwf,GkRiKb,e5qFLc,IZT63,UUJqVe,O1Gjze,byfTOb,lsjVmc,xUdipf,OTA3Ae,COQbmf,fKUV3e,aurFic,U0aPgd,ZwDk9d,V3dDOb,mI3LFb,O6y8ed,PrPYRd,MpJwZc,LEikZe,NwH0H,OmgaI,lazG7b,XVMNvd,L1AAkb,KUM7Z,Mlhmy,s39S4,lwddkf,gychg,w9hDv,EEDORb,RMhBfe,SdcwHb,aW3pY,pw70Gc,EFQ78c,Ulmmrd,ZfAoz,mdR7q,wmnU7d,xQtZb,JNoxi,kWgXee,MI6k7c,kjKdXe,BVgquf,QIhFr,ovKuLd,hKSk3e,yDVVkb,hc6Ubd,SpsfSb,KG2eXe,Z5uLle,MdUzUe,VwDzFe,zbML3c,A7fCU,zr1jrb,lsPsHb,aDfbSd,Uas9Hd,pjICDe:311:472
$D.prototype.Da@https://www.gstatic.com/_/mss/boq-one-google/_/js/k=boq-one-google.OneGoogleWidgetUi.pt_BR.dYbwha6hl5U.es5.O/ck=boq-one-google.OneGoogleWidgetUi.KO4sXYQcwmM.L.F4.O/am=AADMbw/d=1/exm=_b,_r,_tp/excm=_b,_r,_tp,appwidgetnoauthview/ed=1/wt=2/ujg=1/rs=AM-SdHumOj1w8n7oECsOKoGHmcw6t8p4RQ/ee=EVNhjf:pw70Gc;EmZ2Bf:zr1jrb;Erl4fe:FloWmf;JsbNhc:Xd8iUd;LBgRLc:SdcwHb;Me32dd:MEeYgc;NPKaK:SdcwHb;NSEoX:lazG7b;Oj465e:KG2eXe;Pjplud:EEDORb;QGR0gd:Mlhmy;SNUn3:ZwDk9d;a56pNe:JEfCwb;cEt90b:ws9Tlc;dIoSBb:SpsfSb;eBAeSb:zbML3c;iFQyKf:QIhFr;io8t5d:yDVVkb;kMFpHd:OTA3Ae;nAFL3:s39S4;oGtAuc:sOXFj;pXdRYb:MdUzUe;qddgKe:xQtZb;sP4Vbe:VwDzFe;uY49fb:COQbmf;ul9GGd:VDovNc;wR5FRb:O1Gjze;xqZiqf:wmnU7d;yxTchf:KUM7Z;zxnPse:GkRiKb/m=ws9Tlc,n73qwf,GkRiKb,e5qFLc,IZT63,UUJqVe,O1Gjze,byfTOb,lsjVmc,xUdipf,OTA3Ae,COQbmf,fKUV3e,aurFic,U0aPgd,ZwDk9d,V3dDOb,mI3LFb,O6y8ed,PrPYRd,MpJwZc,LEikZe,NwH0H,OmgaI,lazG7b,XVMNvd,L1AAkb,KUM7Z,Mlhmy,s39S4,lwddkf,gychg,w9hDv,EEDORb,RMhBfe,SdcwHb,aW3pY,pw70Gc,EFQ78c,Ulmmrd,ZfAoz,mdR7q,wmnU7d,xQtZb,JNoxi,kWgXee,MI6k7c,kjKdXe,BVgquf,QIhFr,ovKuLd,hKSk3e,yDVVkb,hc6Ubd,SpsfSb,KG2eXe,Z5uLle,MdUzUe,VwDzFe,zbML3c,A7fCU,zr1jrb,lsPsHb,aDfbSd,Uas9Hd,pjICDe:321:46
$D/<@https://www.gstatic.com/_/mss/boq-one-google/_/js/k=boq-one-google.OneGoogleWidgetUi.pt_BR.dYbwha6hl5U.es5.O/ck=boq-one-google.OneGoogleWidgetUi.KO4sXYQcwmM.L.F4.O/am=AADMbw/d=1/exm=_b,_r,_tp/excm=_b,_r,_tp,appwidgetnoauthview/ed=1/wt=2/ujg=1/rs=AM-SdHumOj1w8n7oECsOKoGHmcw6t8p4RQ/ee=EVNhjf:pw70Gc;EmZ2Bf:zr1jrb;Erl4fe:FloWmf;JsbNhc:Xd8iUd;LBgRLc:SdcwHb;Me32dd:MEeYgc;NPKaK:SdcwHb;NSEoX:lazG7b;Oj465e:KG2eXe;Pjplud:EEDORb;QGR0gd:Mlhmy;SNUn3:ZwDk9d;a56pNe:JEfCwb;cEt90b:ws9Tlc;dIoSBb:SpsfSb;eBAeSb:zbML3c;iFQyKf:QIhFr;io8t5d:yDVVkb;kMFpHd:OTA3Ae;nAFL3:s39S4;oGtAuc:sOXFj;pXdRYb:MdUzUe;qddgKe:xQtZb;sP4Vbe:VwDzFe;uY49fb:COQbmf;ul9GGd:VDovNc;wR5FRb:O1Gjze;xqZiqf:wmnU7d;yxTchf:KUM7Z;zxnPse:GkRiKb/m=ws9Tlc,n73qwf,GkRiKb,e5qFLc,IZT63,UUJqVe,O1Gjze,byfTOb,lsjVmc,xUdipf,OTA3Ae,COQbmf,fKUV3e,aurFic,U0aPgd,ZwDk9d,V3dDOb,mI3LFb,O6y8ed,PrPYRd,MpJwZc,LEikZe,NwH0H,OmgaI,lazG7b,XVMNvd,L1AAkb,KUM7Z,Mlhmy,s39S4,lwddkf,gychg,w9hDv,EEDORb,RMhBfe,SdcwHb,aW3pY,pw70Gc,EFQ78c,Ulmmrd,ZfAoz,mdR7q,wmnU7d,xQtZb,JNoxi,kWgXee,MI6k7c,kjKdXe,BVgquf,QIhFr,ovKuLd,hKSk3e,yDVVkb,hc6Ubd,SpsfSb,KG2eXe,Z5uLle,MdUzUe,VwDzFe,zbML3c,A7fCU,zr1jrb,lsPsHb,aDfbSd,Uas9Hd,pjICDe:315:329
Cm@https://www.gstatic.com/_/mss/boq-one-google/_/js/k=boq-one-google.OneGoogleWidgetUi.pt_BR.dYbwha6hl5U.es5.O/am=AADMbw/d=1/excm=_b,_r,_tp,appwidgetnoauthview/ed=1/dg=0/wt=2/ujg=1/rs=AM-SdHvBctDueEmLBUPLS1AOE4eAzpZdrQ/m=_b,_tp,_r:240:482
c@https://www.gstatic.com/_/mss/boq-one-google/_/js/k=boq-one-google.OneGoogleWidgetUi.pt_BR.dYbwha6hl5U.es5.O/am=AADMbw/d=1/excm=_b,_r,_tp,appwidgetnoauthview/ed=1/dg=0/wt=2/ujg=1/rs=AM-SdHvBctDueEmLBUPLS1AOE4eAzpZdrQ/m=_b,_tp,_r:249:252
b@https://www.gstatic.com/_/mss/boq-one-google/_/js/k=boq-one-google.OneGoogleWidgetUi.pt_BR.dYbwha6hl5U.es5.O/am=AADMbw/d=1/excm=_b,_r,_tp,appwidgetnoauthview/ed=1/dg=0/wt=2/ujg=1/rs=AM-SdHvBctDueEmLBUPLS1AOE4eAzpZdrQ/m=_b,_tp,_r:239:48

1691968433529	Marionette	INFO	Stopped listening on port 49238
Dynamically enable window occlusion 1
[Parent 7752, IPC I/O Parent] WARNING: DuplicateHandle failed for handle 0 in TransferHandles: file /builds/worker/checkouts/gecko/ipc/chromium/src/chrome/common/ipc_channel_win.cc:621
[GPU 12444, IPC I/O Child] WARNING: pipe error: 232: file /builds/worker/checkouts/gecko/ipc/chromium/src/chrome/common/ipc_channel_win.cc:443
[Parent 7752, IPC I/O Parent] WARNING: DuplicateHandle failed for handle 0 in TransferHandles: file /builds/worker/checkouts/gecko/ipc/chromium/src/chrome/common/ipc_channel_win.cc:621
[GPU 12444, IPC I/O Child] WARNING: pipe error: 232: file /builds/worker/checkouts/gecko/ipc/chromium/src/chrome/common/ipc_channel_win.cc:443
[Parent 7752, IPC I/O Parent] WARNING: DuplicateHandle failed for handle 0 in TransferHandles: file /builds/worker/checkouts/gecko/ipc/chromium/src/chrome/common/ipc_channel_win.cc:621
[GPU 12444, IPC I/O Child] WARNING: pipe error: 232: file /builds/worker/checkouts/gecko/ipc/chromium/src/chrome/common/ipc_channel_win.cc:443
[Parent 7752, IPC I/O Parent] WARNING: DuplicateHandle failed for handle 0 in TransferHandles: file /builds/worker/checkouts/gecko/ipc/chromium/src/chrome/common/ipc_channel_win.cc:621
[GPU 12444, IPC I/O Child] WARNING: pipe error: 232: file /builds/worker/checkouts/gecko/ipc/chromium/src/chrome/common/ipc_channel_win.cc:443
[Parent 7752, IPC I/O Parent] WARNING: DuplicateHandle failed for handle 0 in TransferHandles: file /builds/worker/checkouts/gecko/ipc/chromium/src/chrome/common/ipc_channel_win.cc:621
[GPU 12444, IPC I/O Child] WARNING: pipe error: 232: file /builds/worker/checkouts/gecko/ipc/chromium/src/chrome/common/ipc_channel_win.cc:443
